#
# There is insufficient memory for the Java Runtime Environment to continue.
# Native memory allocation (malloc) failed to allocate 430576 bytes for Chunk::new
# Possible reasons:
#   The system is out of physical RAM or swap space
#   The process is running with CompressedOops enabled, and the Java Heap may be blocking the growth of the native heap
# Possible solutions:
#   Reduce memory load on the system
#   Increase physical memory or swap space
#   Check if swap backing store is full
#   Decrease Java heap size (-Xmx/-Xms)
#   Decrease number of Java threads
#   Decrease Java thread stack sizes (-Xss)
#   Set larger code cache with -XX:ReservedCodeCacheSize=
#   JVM is running with Zero Based Compressed Oops mode in which the Java heap is
#     placed in the first 32GB address space. The Java Heap base address is the
#     maximum limit for the native heap growth. Please use -XX:HeapBaseMinAddress
#     to set the Java Heap base and to place the Java Heap above 32GB virtual address.
# This output file may be truncated or incomplete.
#
#  Out of Memory Error (allocation.cpp:389), pid=4700, tid=0x0000000000003470
#
# JRE version: Java(TM) SE Runtime Environment (8.0_202-b08) (build 1.8.0_202-b08)
# Java VM: Java HotSpot(TM) 64-Bit Server VM (25.202-b08 mixed mode windows-amd64 compressed oops)
# Failed to write core dump. Minidumps are not enabled by default on client versions of Windows
#

---------------  T H R E A D  ---------------

Current thread (0x000000001fda9000):  JavaThread "C2 CompilerThread2" daemon [_thread_in_native, id=13424, stack(0x0000000020860000,0x0000000020960000)]

Stack: [0x0000000020860000,0x0000000020960000]
[error occurred during error reporting (printing stack bounds), id 0xc0000005]

Native frames: (J=compiled Java code, j=interpreted, Vv=VM code, C=native code)


Current CompileTask:
C2:   7359 2261       4       org.springframework.beans.factory.support.AbstractBeanFactory::isTypeMatch (607 bytes)


---------------  P R O C E S S  ---------------

Java Threads: ( => current thread )
  0x000000002042d000 JavaThread "restartedMain" [_thread_in_Java, id=22728, stack(0x0000000021e90000,0x0000000021f90000)]
  0x000000002055a800 JavaThread "Thread-0" [_thread_blocked, id=23776, stack(0x0000000021d90000,0x0000000021e90000)]
  0x000000001fe3c000 JavaThread "Service Thread" daemon [_thread_blocked, id=12100, stack(0x0000000020a60000,0x0000000020b60000)]
  0x000000001fda9800 JavaThread "C1 CompilerThread3" daemon [_thread_blocked, id=21052, stack(0x0000000020960000,0x0000000020a60000)]
=>0x000000001fda9000 JavaThread "C2 CompilerThread2" daemon [_thread_in_native, id=13424, stack(0x0000000020860000,0x0000000020960000)]
  0x000000001fda6000 JavaThread "C2 CompilerThread1" daemon [_thread_blocked, id=14720, stack(0x0000000020760000,0x0000000020860000)]
  0x000000001fda2800 JavaThread "C2 CompilerThread0" daemon [_thread_blocked, id=22468, stack(0x0000000020660000,0x0000000020760000)]
  0x000000001e9b9000 JavaThread "Monitor Ctrl-Break" daemon [_thread_in_native, id=16748, stack(0x0000000020560000,0x0000000020660000)]
  0x000000001e711000 JavaThread "Attach Listener" daemon [_thread_blocked, id=2888, stack(0x000000001fc60000,0x000000001fd60000)]
  0x000000001e70e000 JavaThread "Signal Dispatcher" daemon [_thread_blocked, id=16460, stack(0x000000001fb60000,0x000000001fc60000)]
  0x000000001d013000 JavaThread "Finalizer" daemon [_thread_blocked, id=13876, stack(0x000000001f950000,0x000000001fa50000)]
  0x000000001e6f3000 JavaThread "Reference Handler" daemon [_thread_blocked, id=7704, stack(0x000000001f850000,0x000000001f950000)]
  0x0000000003227000 JavaThread "main" [_thread_blocked, id=10424, stack(0x00000000030d0000,0x00000000031d0000)]

Other Threads:
  0x000000000331d000 VMThread [stack: 0x000000001f750000,0x000000001f850000] [id=10988]
  0x000000001feca000 WatcherThread [stack: 0x0000000020cc0000,0x0000000020dc0000] [id=10964]

VM state:not at safepoint (normal execution)

VM Mutex/Monitor currently owned by a thread: None

heap address: 0x00000006c3600000, size: 4042 MB, Compressed Oops mode: Zero based, Oop shift amount: 3
Narrow klass base: 0x0000000000000000, Narrow klass shift: 3
Compressed class space size: 1073741824 Address: 0x00000007c0000000

Heap:
 PSYoungGen      total 75776K, used 38917K [0x000000076bd00000, 0x0000000773580000, 0x00000007c0000000)
  eden space 65024K, 54% used [0x000000076bd00000,0x000000076dfb4470,0x000000076fc80000)
  from space 10752K, 31% used [0x0000000770700000,0x0000000770a4d030,0x0000000771180000)
  to   space 10752K, 0% used [0x000000076fc80000,0x000000076fc80000,0x0000000770700000)
 ParOldGen       total 99840K, used 9001K [0x00000006c3600000, 0x00000006c9780000, 0x000000076bd00000)
  object space 99840K, 9% used [0x00000006c3600000,0x00000006c3eca588,0x00000006c9780000)
 Metaspace       used 24233K, capacity 25226K, committed 25472K, reserved 1073152K
  class space    used 3128K, capacity 3349K, committed 3456K, reserved 1048576K

Card table byte_map: [0x0000000012850000,0x0000000013040000] byte_map_base: 0x000000000f235000

Marking Bits: (ParMarkBitMap*) 0x00000000559b5ce0
 Begin Bits: [0x0000000013f90000, 0x0000000017eb8000)
 End Bits:   [0x0000000017eb8000, 0x000000001bde0000)

Polling page: 0x0000000002fa0000

CodeCache: size=245760Kb used=7603Kb max_used=7603Kb free=238157Kb
 bounds [0x0000000003490000, 0x0000000003c10000, 0x0000000012490000]
 total_blobs=2660 nmethods=2286 adapters=286
 compilation: enabled

Compilation events (10 events):
Event: 7.271 Thread 0x000000001fda9800 2272       3       sun.misc.ProxyGenerator$ProxyMethod::access$1900 (6 bytes)
Event: 7.271 Thread 0x000000001fda9800 nmethod 2272 0x0000000003bfc2d0 code [0x0000000003bfc440, 0x0000000003bfc5a8]
Event: 7.303 Thread 0x000000001fda9800 2275  s    1       java.lang.StringBuffer::length (5 bytes)
Event: 7.304 Thread 0x000000001fda9800 nmethod 2275 0x0000000003bfca50 code [0x0000000003bfcba0, 0x0000000003bfce10]
Event: 7.304 Thread 0x000000001fda9800 2276       1       java.lang.invoke.SimpleMethodHandle::fieldCount (2 bytes)
Event: 7.304 Thread 0x000000001fda9800 nmethod 2276 0x0000000003bfce90 code [0x0000000003bfcfe0, 0x0000000003bfd0f0]
Event: 7.306 Thread 0x000000001fda2800 2277       4       java.lang.invoke.DirectMethodHandle::internalMemberName (8 bytes)
Event: 7.307 Thread 0x000000001fda2800 nmethod 2277 0x0000000003b5aa90 code [0x0000000003b5abc0, 0x0000000003b5ac38]
Event: 7.307 Thread 0x000000001fda9800 2278       3       java.util.concurrent.ConcurrentHashMap::isEmpty (15 bytes)
Event: 7.307 Thread 0x000000001fda9800 nmethod 2278 0x0000000003bff950 code [0x0000000003bffac0, 0x0000000003bffd28]

GC Heap History (10 events):
Event: 3.267 GC heap before
{Heap before GC invocations=1 (full 0):
 PSYoungGen      total 75776K, used 65024K [0x000000076bd00000, 0x0000000771180000, 0x00000007c0000000)
  eden space 65024K, 100% used [0x000000076bd00000,0x000000076fc80000,0x000000076fc80000)
  from space 10752K, 0% used [0x0000000770700000,0x0000000770700000,0x0000000771180000)
  to   space 10752K, 0% used [0x000000076fc80000,0x000000076fc80000,0x0000000770700000)
 ParOldGen       total 173568K, used 0K [0x00000006c3600000, 0x00000006cdf80000, 0x000000076bd00000)
  object space 173568K, 0% used [0x00000006c3600000,0x00000006c3600000,0x00000006cdf80000)
 Metaspace       used 7800K, capacity 8054K, committed 8192K, reserved 1056768K
  class space    used 899K, capacity 981K, committed 1024K, reserved 1048576K
Event: 3.273 GC heap after
Heap after GC invocations=1 (full 0):
 PSYoungGen      total 75776K, used 5109K [0x000000076bd00000, 0x0000000771180000, 0x00000007c0000000)
  eden space 65024K, 0% used [0x000000076bd00000,0x000000076bd00000,0x000000076fc80000)
  from space 10752K, 47% used [0x000000076fc80000,0x000000077017d4e0,0x0000000770700000)
  to   space 10752K, 0% used [0x0000000770700000,0x0000000770700000,0x0000000771180000)
 ParOldGen       total 173568K, used 16K [0x00000006c3600000, 0x00000006cdf80000, 0x000000076bd00000)
  object space 173568K, 0% used [0x00000006c3600000,0x00000006c3604000,0x00000006cdf80000)
 Metaspace       used 7800K, capacity 8054K, committed 8192K, reserved 1056768K
  class space    used 899K, capacity 981K, committed 1024K, reserved 1048576K
}
Event: 4.649 GC heap before
{Heap before GC invocations=2 (full 0):
 PSYoungGen      total 75776K, used 70133K [0x000000076bd00000, 0x0000000771180000, 0x00000007c0000000)
  eden space 65024K, 100% used [0x000000076bd00000,0x000000076fc80000,0x000000076fc80000)
  from space 10752K, 47% used [0x000000076fc80000,0x000000077017d4e0,0x0000000770700000)
  to   space 10752K, 0% used [0x0000000770700000,0x0000000770700000,0x0000000771180000)
 ParOldGen       total 173568K, used 16K [0x00000006c3600000, 0x00000006cdf80000, 0x000000076bd00000)
  object space 173568K, 0% used [0x00000006c3600000,0x00000006c3604000,0x00000006cdf80000)
 Metaspace       used 15180K, capacity 15736K, committed 16000K, reserved 1062912K
  class space    used 1995K, capacity 2135K, committed 2176K, reserved 1048576K
Event: 4.660 GC heap after
Heap after GC invocations=2 (full 0):
 PSYoungGen      total 75776K, used 8407K [0x000000076bd00000, 0x0000000771180000, 0x00000007c0000000)
  eden space 65024K, 0% used [0x000000076bd00000,0x000000076bd00000,0x000000076fc80000)
  from space 10752K, 78% used [0x0000000770700000,0x0000000770f35db0,0x0000000771180000)
  to   space 10752K, 0% used [0x000000076fc80000,0x000000076fc80000,0x0000000770700000)
 ParOldGen       total 173568K, used 24K [0x00000006c3600000, 0x00000006cdf80000, 0x000000076bd00000)
  object space 173568K, 0% used [0x00000006c3600000,0x00000006c3606000,0x00000006cdf80000)
 Metaspace       used 15180K, capacity 15736K, committed 16000K, reserved 1062912K
  class space    used 1995K, capacity 2135K, committed 2176K, reserved 1048576K
}
Event: 5.317 GC heap before
{Heap before GC invocations=3 (full 0):
 PSYoungGen      total 75776K, used 47999K [0x000000076bd00000, 0x0000000771180000, 0x00000007c0000000)
  eden space 65024K, 60% used [0x000000076bd00000,0x000000076e3aa210,0x000000076fc80000)
  from space 10752K, 78% used [0x0000000770700000,0x0000000770f35db0,0x0000000771180000)
  to   space 10752K, 0% used [0x000000076fc80000,0x000000076fc80000,0x0000000770700000)
 ParOldGen       total 173568K, used 24K [0x00000006c3600000, 0x00000006cdf80000, 0x000000076bd00000)
  object space 173568K, 0% used [0x00000006c3600000,0x00000006c3606000,0x00000006cdf80000)
 Metaspace       used 20581K, capacity 21198K, committed 21248K, reserved 1067008K
  class space    used 2653K, capacity 2814K, committed 2816K, reserved 1048576K
Event: 5.325 GC heap after
Heap after GC invocations=3 (full 0):
 PSYoungGen      total 75776K, used 9408K [0x000000076bd00000, 0x0000000771180000, 0x00000007c0000000)
  eden space 65024K, 0% used [0x000000076bd00000,0x000000076bd00000,0x000000076fc80000)
  from space 10752K, 87% used [0x000000076fc80000,0x00000007705b0250,0x0000000770700000)
  to   space 10752K, 0% used [0x0000000770700000,0x0000000770700000,0x0000000771180000)
 ParOldGen       total 173568K, used 32K [0x00000006c3600000, 0x00000006cdf80000, 0x000000076bd00000)
  object space 173568K, 0% used [0x00000006c3600000,0x00000006c3608000,0x00000006cdf80000)
 Metaspace       used 20581K, capacity 21198K, committed 21248K, reserved 1067008K
  class space    used 2653K, capacity 2814K, committed 2816K, reserved 1048576K
}
Event: 5.325 GC heap before
{Heap before GC invocations=4 (full 1):
 PSYoungGen      total 75776K, used 9408K [0x000000076bd00000, 0x0000000771180000, 0x00000007c0000000)
  eden space 65024K, 0% used [0x000000076bd00000,0x000000076bd00000,0x000000076fc80000)
  from space 10752K, 87% used [0x000000076fc80000,0x00000007705b0250,0x0000000770700000)
  to   space 10752K, 0% used [0x0000000770700000,0x0000000770700000,0x0000000771180000)
 ParOldGen       total 173568K, used 32K [0x00000006c3600000, 0x00000006cdf80000, 0x000000076bd00000)
  object space 173568K, 0% used [0x00000006c3600000,0x00000006c3608000,0x00000006cdf80000)
 Metaspace       used 20581K, capacity 21198K, committed 21248K, reserved 1067008K
  class space    used 2653K, capacity 2814K, committed 2816K, reserved 1048576K
Event: 5.348 GC heap after
Heap after GC invocations=4 (full 1):
 PSYoungGen      total 75776K, used 0K [0x000000076bd00000, 0x0000000771180000, 0x00000007c0000000)
  eden space 65024K, 0% used [0x000000076bd00000,0x000000076bd00000,0x000000076fc80000)
  from space 10752K, 0% used [0x000000076fc80000,0x000000076fc80000,0x0000000770700000)
  to   space 10752K, 0% used [0x0000000770700000,0x0000000770700000,0x0000000771180000)
 ParOldGen       total 99840K, used 8993K [0x00000006c3600000, 0x00000006c9780000, 0x000000076bd00000)
  object space 99840K, 9% used [0x00000006c3600000,0x00000006c3ec8588,0x00000006c9780000)
 Metaspace       used 20579K, capacity 21192K, committed 21248K, reserved 1067008K
  class space    used 2653K, capacity 2813K, committed 2816K, reserved 1048576K
}
Event: 6.573 GC heap before
{Heap before GC invocations=5 (full 1):
 PSYoungGen      total 75776K, used 65024K [0x000000076bd00000, 0x0000000771180000, 0x00000007c0000000)
  eden space 65024K, 100% used [0x000000076bd00000,0x000000076fc80000,0x000000076fc80000)
  from space 10752K, 0% used [0x000000076fc80000,0x000000076fc80000,0x0000000770700000)
  to   space 10752K, 0% used [0x0000000770700000,0x0000000770700000,0x0000000771180000)
 ParOldGen       total 99840K, used 8993K [0x00000006c3600000, 0x00000006c9780000, 0x000000076bd00000)
  object space 99840K, 9% used [0x00000006c3600000,0x00000006c3ec8588,0x00000006c9780000)
 Metaspace       used 22365K, capacity 23210K, committed 23424K, reserved 1069056K
  class space    used 2888K, capacity 3105K, committed 3200K, reserved 1048576K
Event: 6.576 GC heap after
Heap after GC invocations=5 (full 1):
 PSYoungGen      total 75776K, used 3380K [0x000000076bd00000, 0x0000000773580000, 0x00000007c0000000)
  eden space 65024K, 0% used [0x000000076bd00000,0x000000076bd00000,0x000000076fc80000)
  from space 10752K, 31% used [0x0000000770700000,0x0000000770a4d030,0x0000000771180000)
  to   space 10752K, 0% used [0x000000076fc80000,0x000000076fc80000,0x0000000770700000)
 ParOldGen       total 99840K, used 9001K [0x00000006c3600000, 0x00000006c9780000, 0x000000076bd00000)
  object space 99840K, 9% used [0x00000006c3600000,0x00000006c3eca588,0x00000006c9780000)
 Metaspace       used 22365K, capacity 23210K, committed 23424K, reserved 1069056K
  class space    used 2888K, capacity 3105K, committed 3200K, reserved 1048576K
}

Deoptimization events (10 events):
Event: 4.514 Thread 0x000000002042d000 Uncommon trap: reason=unstable_if action=reinterpret pc=0x00000000037c9c90 method=java.util.HashMap.putVal(ILjava/lang/Object;Ljava/lang/Object;ZZ)Ljava/lang/Object; @ 193
Event: 4.514 Thread 0x000000002042d000 Uncommon trap: reason=unstable_if action=reinterpret pc=0x00000000037248c4 method=java.util.HashMap.getNode(ILjava/lang/Object;)Ljava/util/HashMap$Node; @ 129
Event: 4.734 Thread 0x000000002042d000 Uncommon trap: reason=class_check action=maybe_recompile pc=0x0000000003677fc0 method=java.lang.String.equals(Ljava/lang/Object;)Z @ 8
Event: 4.783 Thread 0x000000002042d000 Uncommon trap: reason=class_check action=maybe_recompile pc=0x0000000003677fc0 method=java.lang.String.equals(Ljava/lang/Object;)Z @ 8
Event: 4.783 Thread 0x000000002042d000 Uncommon trap: reason=class_check action=maybe_recompile pc=0x0000000003677fc0 method=java.lang.String.equals(Ljava/lang/Object;)Z @ 8
Event: 4.783 Thread 0x000000002042d000 Uncommon trap: reason=class_check action=maybe_recompile pc=0x0000000003677fc0 method=java.lang.String.equals(Ljava/lang/Object;)Z @ 8
Event: 5.168 Thread 0x000000002042d000 Uncommon trap: reason=unstable_if action=reinterpret pc=0x00000000037588a8 method=java.io.WinNTFileSystem.normalize(Ljava/lang/String;)Ljava/lang/String; @ 128
Event: 5.404 Thread 0x000000002042d800 Uncommon trap: reason=unstable_if action=reinterpret pc=0x00000000038607a8 method=jdk.internal.org.objectweb.asm.Type.getArgumentsAndReturnSizes(Ljava/lang/String;)I @ 47
Event: 6.899 Thread 0x000000002042d000 Uncommon trap: reason=unstable_if action=reinterpret pc=0x0000000003b459b8 method=org.springframework.core.annotation.MergedAnnotationsCollection.isMappingForType(Lorg/springframework/core/annotation/AnnotationTypeMapping;Ljava/lang/Object;)Z @ 13
Event: 7.195 Thread 0x000000002042d000 Uncommon trap: reason=unstable_if action=reinterpret pc=0x0000000003bdcbf0 method=org.springframework.beans.factory.support.AbstractBeanFactory.isFactoryBean(Ljava/lang/String;Lorg/springframework/beans/factory/support/RootBeanDefinition;)Z @ 38

Classes redefined (0 events):
No events

Internal exceptions (10 events):
Event: 5.129 Thread 0x000000002042d000 Exception <a 'java/lang/ClassNotFoundException': org/springframework/beans/factory/AwareCustomizer> (0x000000076d395e80) thrown at [C:\re\workspace\8-2-build-windows-amd64-cygwin\jdk8u202\12323\hotspot\src\share\vm\classfile\systemDictionary.cpp, line 210
Event: 5.129 Thread 0x000000002042d000 Exception <a 'java/lang/ClassNotFoundException': org/springframework/beans/factory/BeanClassLoaderAwareCustomizer> (0x000000076d3add28) thrown at [C:\re\workspace\8-2-build-windows-amd64-cygwin\jdk8u202\12323\hotspot\src\share\vm\classfile\systemDictionar
Event: 5.129 Thread 0x000000002042d000 Exception <a 'java/lang/ClassNotFoundException': org/springframework/beans/factory/AwareCustomizer> (0x000000076d3c2a80) thrown at [C:\re\workspace\8-2-build-windows-amd64-cygwin\jdk8u202\12323\hotspot\src\share\vm\classfile\systemDictionary.cpp, line 210
Event: 5.130 Thread 0x000000002042d000 Exception <a 'java/lang/ClassNotFoundException': org/springframework/context/EnvironmentAwareCustomizer> (0x000000076d3d7b88) thrown at [C:\re\workspace\8-2-build-windows-amd64-cygwin\jdk8u202\12323\hotspot\src\share\vm\classfile\systemDictionary.cpp, lin
Event: 5.130 Thread 0x000000002042d000 Exception <a 'java/lang/ClassNotFoundException': org/springframework/beans/factory/AwareCustomizer> (0x000000076d3ec7c0) thrown at [C:\re\workspace\8-2-build-windows-amd64-cygwin\jdk8u202\12323\hotspot\src\share\vm\classfile\systemDictionary.cpp, line 210
Event: 5.171 Thread 0x000000002042d000 Exception <a 'java/lang/NoSuchMethodError': java.lang.Object.lambda$comparing$77a9974f$1(Ljava/util/function/Function;Ljava/lang/Object;Ljava/lang/Object;)I> (0x000000076d8ed2c8) thrown at [C:\re\workspace\8-2-build-windows-amd64-cygwin\jdk8u202\12323\hot
Event: 5.408 Thread 0x000000002042d800 Exception <a 'java/lang/IncompatibleClassChangeError': Found class java.lang.Object, but interface was expected> (0x000000076bf78fe8) thrown at [C:\re\workspace\8-2-build-windows-amd64-cygwin\jdk8u202\12323\hotspot\src\share\vm\interpreter\linkResolver.cp
Event: 5.964 Thread 0x000000002042d000 Exception <a 'java/lang/IncompatibleClassChangeError': Found class java.lang.Object, but interface was expected> (0x000000076f092d30) thrown at [C:\re\workspace\8-2-build-windows-amd64-cygwin\jdk8u202\12323\hotspot\src\share\vm\interpreter\linkResolver.cp
Event: 6.137 Thread 0x000000002042d000 Exception <a 'java/lang/NoSuchMethodError': java.lang.Object.lambda$getAllAnnotationAttributes$0(Lorg/springframework/util/MultiValueMap;)Lorg/springframework/util/MultiValueMap;> (0x000000076f2661c8) thrown at [C:\re\workspace\8-2-build-windows-amd64-cyg
Event: 6.138 Thread 0x000000002042d000 Exception <a 'java/lang/NoSuchMethodError': java.lang.Object.lambda$identity$2(Ljava/lang/Object;)Ljava/lang/Object;> (0x000000076f2785c0) thrown at [C:\re\workspace\8-2-build-windows-amd64-cygwin\jdk8u202\12323\hotspot\src\share\vm\interpreter\linkResolv

Events (10 events):
Event: 7.307 loading class org/springframework/beans/factory/support/AbstractBeanDefinition
Event: 7.307 loading class org/springframework/beans/factory/support/AbstractBeanDefinition done
Event: 7.307 loading class org/springframework/data/repository/config/RepositoryConfigurationSource
Event: 7.307 loading class org/springframework/data/repository/config/RepositoryConfigurationSource done
Event: 7.307 loading class org/springframework/data/repository/config/RepositoryConfigurationSource
Event: 7.307 loading class org/springframework/data/repository/config/RepositoryConfigurationSource done
Event: 7.307 loading class org/springframework/data/jpa/repository/support/JpaEvaluationContextExtension
Event: 7.307 loading class org/springframework/data/jpa/repository/support/JpaEvaluationContextExtension done
Event: 7.308 loading class org/springframework/data/spel/spi/EvaluationContextExtension
Event: 7.308 loading class org/springframework/data/spel/spi/EvaluationContextExtension done


Dynamic libraries:
0x00007ff78b8e0000 - 0x00007ff78b917000 	C:\Program Files\Java\jdk1.8.0_202\bin\java.exe
0x00007ffd77db0000 - 0x00007ffd77f9d000 	C:\WINDOWS\SYSTEM32\ntdll.dll
0x00007ffd77800000 - 0x00007ffd778b3000 	C:\WINDOWS\System32\KERNEL32.DLL
0x00007ffd74940000 - 0x00007ffd74bd5000 	C:\WINDOWS\System32\KERNELBASE.dll
0x00007ffd77920000 - 0x00007ffd779c3000 	C:\WINDOWS\System32\ADVAPI32.dll
0x00007ffd77b10000 - 0x00007ffd77bae000 	C:\WINDOWS\System32\msvcrt.dll
0x00007ffd77bb0000 - 0x00007ffd77c4e000 	C:\WINDOWS\System32\sechost.dll
0x00007ffd77c50000 - 0x00007ffd77d72000 	C:\WINDOWS\System32\RPCRT4.dll
0x00007ffd75ab0000 - 0x00007ffd75c47000 	C:\WINDOWS\System32\USER32.dll
0x00007ffd74be0000 - 0x00007ffd74c00000 	C:\WINDOWS\System32\win32u.dll
0x00007ffd75160000 - 0x00007ffd75189000 	C:\WINDOWS\System32\GDI32.dll
0x00007ffd74e30000 - 0x00007ffd74fcc000 	C:\WINDOWS\System32\gdi32full.dll
0x00007ffd746c0000 - 0x00007ffd74760000 	C:\WINDOWS\System32\msvcp_win.dll
0x00007ffd74cb0000 - 0x00007ffd74daa000 	C:\WINDOWS\System32\ucrtbase.dll
0x00007ffd5e720000 - 0x00007ffd5e999000 	C:\WINDOWS\WinSxS\amd64_microsoft.windows.common-controls_6595b64144ccf1df_6.0.17763.1577_none_de7444545348a3d0\COMCTL32.dll
0x00007ffd75780000 - 0x00007ffd75aad000 	C:\WINDOWS\System32\combase.dll
0x00007ffd74db0000 - 0x00007ffd74e2e000 	C:\WINDOWS\System32\bcryptPrimitives.dll
0x00007ffd756a0000 - 0x00007ffd756ce000 	C:\WINDOWS\System32\IMM32.DLL
0x0000000055cf0000 - 0x0000000055dc2000 	C:\Program Files\Java\jdk1.8.0_202\jre\bin\msvcr100.dll
0x0000000055190000 - 0x0000000055a35000 	C:\Program Files\Java\jdk1.8.0_202\jre\bin\server\jvm.dll
0x00007ffd75190000 - 0x00007ffd75198000 	C:\WINDOWS\System32\PSAPI.DLL
0x00007ffd5c910000 - 0x00007ffd5c919000 	C:\WINDOWS\SYSTEM32\WSOCK32.dll
0x00007ffd6f860000 - 0x00007ffd6f86a000 	C:\WINDOWS\SYSTEM32\VERSION.dll
0x00007ffd72170000 - 0x00007ffd72194000 	C:\WINDOWS\SYSTEM32\WINMM.dll
0x00007ffd754c0000 - 0x00007ffd7552d000 	C:\WINDOWS\System32\WS2_32.dll
0x00007ffd72140000 - 0x00007ffd7216d000 	C:\WINDOWS\SYSTEM32\WINMMBASE.dll
0x00007ffd745e0000 - 0x00007ffd7462a000 	C:\WINDOWS\System32\cfgmgr32.dll
0x00007ffd701f0000 - 0x00007ffd701ff000 	C:\Program Files\Java\jdk1.8.0_202\jre\bin\verify.dll
0x00007ffd65930000 - 0x00007ffd65959000 	C:\Program Files\Java\jdk1.8.0_202\jre\bin\java.dll
0x00007ffd4a8e0000 - 0x00007ffd4a903000 	C:\Program Files\Java\jdk1.8.0_202\jre\bin\instrument.dll
0x00007ffd6e790000 - 0x00007ffd6e7a6000 	C:\Program Files\Java\jdk1.8.0_202\jre\bin\zip.dll
0x00007ffd76300000 - 0x00007ffd777f9000 	C:\WINDOWS\System32\SHELL32.dll
0x00007ffd77a50000 - 0x00007ffd77af8000 	C:\WINDOWS\System32\shcore.dll
0x00007ffd73e60000 - 0x00007ffd745b3000 	C:\WINDOWS\System32\windows.storage.dll
0x00007ffd73e30000 - 0x00007ffd73e54000 	C:\WINDOWS\System32\profapi.dll
0x00007ffd73db0000 - 0x00007ffd73e0d000 	C:\WINDOWS\System32\powrprof.dll
0x00007ffd75100000 - 0x00007ffd75152000 	C:\WINDOWS\System32\shlwapi.dll
0x00007ffd73d90000 - 0x00007ffd73da1000 	C:\WINDOWS\System32\kernel.appcore.dll
0x00007ffd745c0000 - 0x00007ffd745d7000 	C:\WINDOWS\System32\cryptsp.dll
0x00007ffd55160000 - 0x00007ffd5517a000 	C:\Program Files\JetBrains\IntelliJ IDEA Community Edition 2022.2\bin\breakgen64.dll
0x00007ffd65910000 - 0x00007ffd6592a000 	C:\Program Files\Java\jdk1.8.0_202\jre\bin\net.dll
0x00007ffd5f570000 - 0x00007ffd5f748000 	C:\WINDOWS\SYSTEM32\urlmon.dll
0x00007ffd62df0000 - 0x00007ffd63099000 	C:\WINDOWS\SYSTEM32\iertutil.dll
0x00007ffd73730000 - 0x00007ffd7373c000 	C:\WINDOWS\SYSTEM32\CRYPTBASE.DLL
0x00007ffd73550000 - 0x00007ffd735b7000 	C:\WINDOWS\system32\mswsock.dll
0x00007ffd6c440000 - 0x00007ffd6c44d000 	C:\Program Files\Java\jdk1.8.0_202\jre\bin\management.dll
0x00007ffd5daf0000 - 0x00007ffd5db06000 	C:\WINDOWS\system32\napinsp.dll
0x00007ffd5e4c0000 - 0x00007ffd5e4da000 	C:\WINDOWS\system32\pnrpnsp.dll
0x00007ffd732c0000 - 0x00007ffd73386000 	C:\WINDOWS\SYSTEM32\DNSAPI.dll
0x00007ffd77b00000 - 0x00007ffd77b08000 	C:\WINDOWS\System32\NSI.dll
0x00007ffd73280000 - 0x00007ffd732bd000 	C:\WINDOWS\SYSTEM32\IPHLPAPI.DLL
0x00007ffd5e4a0000 - 0x00007ffd5e4ae000 	C:\WINDOWS\System32\winrnr.dll
0x00007ffd70430000 - 0x00007ffd7044b000 	C:\WINDOWS\system32\NLAapi.dll
0x00007ffd6c410000 - 0x00007ffd6c425000 	C:\WINDOWS\system32\wshbth.dll
0x00007ffd6b540000 - 0x00007ffd6b54a000 	C:\Windows\System32\rasadhlp.dll
0x00007ffd6f7c0000 - 0x00007ffd6f839000 	C:\WINDOWS\System32\fwpuclnt.dll
0x00007ffd74630000 - 0x00007ffd74656000 	C:\WINDOWS\System32\bcrypt.dll
0x00007ffd65630000 - 0x00007ffd65642000 	C:\Program Files\Java\jdk1.8.0_202\jre\bin\nio.dll

VM Arguments:
jvm_args: -javaagent:C:\Program Files\JetBrains\IntelliJ IDEA Community Edition 2022.2\lib\idea_rt.jar=60612:C:\Program Files\JetBrains\IntelliJ IDEA Community Edition 2022.2\bin -Dfile.encoding=UTF-8 
java_command: io.github.guimendes.clientes.ClientesAplication
java_class_path (initial): C:\Program Files\Java\jdk1.8.0_202\jre\lib\charsets.jar;C:\Program Files\Java\jdk1.8.0_202\jre\lib\deploy.jar;C:\Program Files\Java\jdk1.8.0_202\jre\lib\ext\access-bridge-64.jar;C:\Program Files\Java\jdk1.8.0_202\jre\lib\ext\cldrdata.jar;C:\Program Files\Java\jdk1.8.0_202\jre\lib\ext\dnsns.jar;C:\Program Files\Java\jdk1.8.0_202\jre\lib\ext\jaccess.jar;C:\Program Files\Java\jdk1.8.0_202\jre\lib\ext\jfxrt.jar;C:\Program Files\Java\jdk1.8.0_202\jre\lib\ext\localedata.jar;C:\Program Files\Java\jdk1.8.0_202\jre\lib\ext\nashorn.jar;C:\Program Files\Java\jdk1.8.0_202\jre\lib\ext\sunec.jar;C:\Program Files\Java\jdk1.8.0_202\jre\lib\ext\sunjce_provider.jar;C:\Program Files\Java\jdk1.8.0_202\jre\lib\ext\sunmscapi.jar;C:\Program Files\Java\jdk1.8.0_202\jre\lib\ext\sunpkcs11.jar;C:\Program Files\Java\jdk1.8.0_202\jre\lib\ext\zipfs.jar;C:\Program Files\Java\jdk1.8.0_202\jre\lib\javaws.jar;C:\Program Files\Java\jdk1.8.0_202\jre\lib\jce.jar;C:\Program Files\Java\jdk1.8.0_202\jre\lib\jfr.jar;C:\Program Files\Java\jdk1.8.0_202\jre\lib\jfxswt.jar;C:\Program Files\Java\jdk1.8.0_202\jre\lib\jsse.jar;C:\Program Files\Java\jdk1.8.0_202\jre\lib\management-agent.jar;C:\Program Files\Java\jdk1.8.0_202\jre\lib\plugin.jar;C:\Program Files\Java\jdk1.8.0_202\jre\lib\resources.jar;C:\Program Files\Java\jdk1.8.0_202\jre\lib\rt.jar;C:\workspace\apiclientes\target\classes;C:\Users\guilherme.mendes\.m2\repository\org\springframework\boot\spring-boot-starter\2.2.6.RELEASE\spring-boot-starter-2.2.6.RELEASE.jar;C:\Users\guilherme.mendes\.m2\repository\org\springframework\boot\spring-boot\2.2.6.RELEASE\spring-boot-2.2.6.RELEASE.jar;C:\Users\guilherme.mendes\.m2\repository\org\springframework\spring-context\5.2.5.RELEASE\spring-context-5.2.5.RELEASE.jar;C:\Users\guilherme.mendes\.m2\repository\org\springframework\boot\spring-boot-autoconfigure\2.2.6.RELEASE\spring-boot-autoconfigure-2.2.6.RELEASE.jar;C:\Users\guilherme.mendes\.m2\repository\org\springframework\boot\spring-boo
Launcher Type: SUN_STANDARD

Environment Variables:
JAVA_HOME=C:\Program Files\Java\jdk1.8.0_202
CLASSPATH=.;C:\Program Files\Java\jdk1.8.0_202\lib;C:\Program Files\Java\jdk1.8.0_202\lib\tools.jar;C:\Program Files\Java\jdk1.8.0_202\lib\dt.jar;C:\Program Files\Java\jdk1.8.0_202\lib\htmlconverter.jar;C:\Program Files\Java\jdk1.8.0_202\jre\lib;C:\Program Files\Java\jdk1.8.0_202\jre\lib\rt.jar
PATH=C:\Python311\Scripts\;C:\Python311\;C:\Program Files (x86)\Common Files\Oracle\Java\javapath;C:\Program Files (x86)\Intel\Intel(R) Management Engine Components\iCLS\;C:\Program Files\Intel\Intel(R) Management Engine Components\iCLS\;C:\WINDOWS\system32;C:\WINDOWS;C:\WINDOWS\System32\Wbem;C:\WINDOWS\System32\WindowsPowerShell\v1.0\;C:\Program Files (x86)\Intel\Intel(R) Management Engine Components\DAL;C:\Program Files\Intel\Intel(R) Management Engine Components\DAL;C:\Program Files (x86)\Intel\Intel(R) Management Engine Components\IPT;C:\Program Files\Intel\Intel(R) Management Engine Components\IPT;C:\Program Files\Intel\WiFi\bin\;C:\Program Files\Common Files\Intel\WirelessCommon\;C:\WINDOWS\System32\OpenSSH\;C:\Program Files\Git\cmd;C:\Program Files\PuTTY\;C:\php\;C:\composer;C:\Program Files\Java\jdk1.8.0_202\bin;C:\apache-maven-3.8.4\bin;;C:\Program Files\Docker\Docker\resources\bin;C:\ProgramData\chocolatey\bin;C:\Program Files\nodejs\;C:\Users\guilherme.mendes\AppData\Local\Programs\Microsoft VS Code\bin;C:\Users\guilherme.mendes\AppData\Roaming\Composer\vendor\bin;C:\Users\guilherme.mendes\AppData\Roaming\npm
USERNAME=guilherme.mendes
OS=Windows_NT
PROCESSOR_IDENTIFIER=Intel64 Family 6 Model 158 Stepping 10, GenuineIntel



---------------  S Y S T E M  ---------------

OS: Windows 10.0 , 64 bit Build 17763 (10.0.17763.475)

CPU:total 12 (initial active 12) (6 cores per cpu, 2 threads per core) family 6 model 158 stepping 10, cmov, cx8, fxsr, mmx, sse, sse2, sse3, ssse3, sse4.1, sse4.2, popcnt, avx, avx2, aes, clmul, erms, rtm, 3dnowpref, lzcnt, ht, tsc, tscinvbit, bmi1, bmi2, adx

Memory: 4k page, physical 16551200k(2187116k free), swap 20745504k(5160k free)

vm_info: Java HotSpot(TM) 64-Bit Server VM (25.202-b08) for windows-amd64 JRE (1.8.0_202-b08), built on Dec 15 2018 19:54:30 by "java_re" with MS VC++ 10.0 (VS2010)

time: Thu Dec 15 11:25:44 2022
timezone: Hora oficial do Brasil
elapsed time: 7 seconds (0d 0h 0m 7s)

